# JRE version: OpenJDK Runtime Environment Temurin-21.0.5+11 (21.0.5+11) (build 21.0.5+11-LTS)
# Java VM: OpenJDK 64-Bit Server VM Temurin-21.0.5+11 (21.0.5+11-LTS, mixed mode, emulated-client, tiered, compressed oops, compressed class ptrs, g1 gc, windows-amd64)
GC Precious Log:
 CardTable entry size: 512
 Card Set container configuration: InlinePtr #cards 5 size 8 Array Of Cards #cards 12 size 40 Howl #buckets 4 coarsen threshold 1843 Howl Bitmap #cards 512 size 80 coarsen threshold 460 Card regions per heap region 1 cards per card region 2048
 CPUs: 8 total, 8 available
 Memory: 7971M
 Large Page Support: Disabled
 NUMA Support: Disabled
 Compressed Oops: Enabled (32-bit)
 Heap Region Size: 1M
 Heap Min Capacity: 8M
 Heap Initial Capacity: 126M
 Heap Max Capacity: 1994M
 Pre-touch: Disabled
 Parallel Workers: 8
 Concurrent Workers: 2
 Concurrent Refinement Workers: 8
 Periodic GC: Disabled
Heap:
 garbage-first heap   total 46080K, used 23746K [0x0000000083600000, 0x0000000100000000)
  region size 1024K, 3 young (3072K), 3 survivors (3072K)
 Metaspace       used 55851K, committed 56512K, reserved 1114112K
  class space    used 7003K, committed 7296K, reserved 1048576K
GC Heap History (20 events):
Event: 8.336 GC heap after
{Heap after GC invocations=4 (full 0):
 garbage-first heap   total 37888K, used 11590K [0x0000000083600000, 0x0000000100000000)
  region size 1024K, 2 young (2048K), 2 survivors (2048K)
 Metaspace       used 26354K, committed 26688K, reserved 1114112K
  class space    used 2951K, committed 3072K, reserved 1048576K
}
Event: 8.504 GC heap before
{Heap before GC invocations=4 (full 0):
 garbage-first heap   total 37888K, used 27974K [0x0000000083600000, 0x0000000100000000)
  region size 1024K, 18 young (18432K), 2 survivors (2048K)
 Metaspace       used 29764K, committed 30208K, reserved 1114112K
  class space    used 3430K, committed 3648K, reserved 1048576K
}
Event: 8.505 GC heap after
{Heap after GC invocations=5 (full 0):
 garbage-first heap   total 37888K, used 13216K [0x0000000083600000, 0x0000000100000000)
  region size 1024K, 3 young (3072K), 3 survivors (3072K)
 Metaspace       used 29764K, committed 30208K, reserved 1114112K
  class space    used 3430K, committed 3648K, reserved 1048576K
}
Event: 8.725 GC heap before
{Heap before GC invocations=5 (full 0):
 garbage-first heap   total 37888K, used 29600K [0x0000000083600000, 0x0000000100000000)
  region size 1024K, 19 young (19456K), 3 survivors (3072K)
 Metaspace       used 31230K, committed 31680K, reserved 1114112K
  class space    used 3614K, committed 3840K, reserved 1048576K
}
Event: 8.728 GC heap after
{Heap after GC invocations=6 (full 0):
 garbage-first heap   total 37888K, used 14712K [0x0000000083600000, 0x0000000100000000)
  region size 1024K, 3 young (3072K), 3 survivors (3072K)
 Metaspace       used 31230K, committed 31680K, reserved 1114112K
  class space    used 3614K, committed 3840K, reserved 1048576K
}
Event: 8.965 GC heap before
{Heap before GC invocations=6 (full 0):
 garbage-first heap   total 37888K, used 30072K [0x0000000083600000, 0x0000000100000000)
  region size 1024K, 18 young (18432K), 3 survivors (3072K)
 Metaspace       used 32663K, committed 33088K, reserved 1114112K
  class space    used 3822K, committed 4032K, reserved 1048576K
}
Event: 8.967 GC heap after
{Heap after GC invocations=7 (full 0):
 garbage-first heap   total 46080K, used 15611K [0x0000000083600000, 0x0000000100000000)
  region size 1024K, 2 young (2048K), 2 survivors (2048K)
 Metaspace       used 32663K, committed 33088K, reserved 1114112K
  class space    used 3822K, committed 4032K, reserved 1048576K
}
Event: 9.336 GC heap before
{Heap before GC invocations=7 (full 0):
 garbage-first heap   total 46080K, used 36091K [0x0000000083600000, 0x0000000100000000)
  region size 1024K, 22 young (22528K), 2 survivors (2048K)
 Metaspace       used 35442K, committed 35968K, reserved 1114112K
  class space    used 4236K, committed 4480K, reserved 1048576K
}
Event: 9.339 GC heap after
{Heap after GC invocations=8 (full 0):
 garbage-first heap   total 46080K, used 17116K [0x0000000083600000, 0x0000000100000000)
  region size 1024K, 3 young (3072K), 3 survivors (3072K)
 Metaspace       used 35442K, committed 35968K, reserved 1114112K
  class space    used 4236K, committed 4480K, reserved 1048576K
}
Event: 9.364 GC heap before
{Heap before GC invocations=8 (full 0):
 garbage-first heap   total 46080K, used 19164K [0x0000000083600000, 0x0000000100000000)
  region size 1024K, 6 young (6144K), 3 survivors (3072K)
 Metaspace       used 35608K, committed 36096K, reserved 1114112K
  class space    used 4259K, committed 4480K, reserved 1048576K
}
Event: 9.367 GC heap after
{Heap after GC invocations=9 (full 0):
 garbage-first heap   total 46080K, used 17455K [0x0000000083600000, 0x0000000100000000)
  region size 1024K, 1 young (1024K), 1 survivors (1024K)
 Metaspace       used 35608K, committed 36096K, reserved 1114112K
  class space    used 4259K, committed 4480K, reserved 1048576K
}
Event: 9.661 GC heap before
{Heap before GC invocations=10 (full 0):
 garbage-first heap   total 46080K, used 36911K [0x0000000083600000, 0x0000000100000000)
  region size 1024K, 20 young (20480K), 1 survivors (1024K)
 Metaspace       used 38825K, committed 39296K, reserved 1114112K
  class space    used 4735K, committed 4928K, reserved 1048576K
}
Event: 9.664 GC heap after
{Heap after GC invocations=11 (full 0):
 garbage-first heap   total 46080K, used 19222K [0x0000000083600000, 0x0000000100000000)
  region size 1024K, 3 young (3072K), 3 survivors (3072K)
 Metaspace       used 38825K, committed 39296K, reserved 1114112K
  class space    used 4735K, committed 4928K, reserved 1048576K
}
Event: 9.876 GC heap before
{Heap before GC invocations=11 (full 0):
 garbage-first heap   total 46080K, used 37654K [0x0000000083600000, 0x0000000100000000)
  region size 1024K, 21 young (21504K), 3 survivors (3072K)
 Metaspace       used 41419K, committed 41920K, reserved 1114112K
  class space    used 5031K, committed 5248K, reserved 1048576K
}
Event: 9.879 GC heap after
{Heap after GC invocations=12 (full 0):
 garbage-first heap   total 46080K, used 20725K [0x0000000083600000, 0x0000000100000000)
  region size 1024K, 2 young (2048K), 2 survivors (2048K)
 Metaspace       used 41419K, committed 41920K, reserved 1114112K
  class space    used 5031K, committed 5248K, reserved 1048576K
}
Event: 10.147 GC heap before
{Heap before GC invocations=12 (full 0):
 garbage-first heap   total 46080K, used 39157K [0x0000000083600000, 0x0000000100000000)
  region size 1024K, 20 young (20480K), 2 survivors (2048K)
 Metaspace       used 45546K, committed 46080K, reserved 1114112K
  class space    used 5637K, committed 5888K, reserved 1048576K
}
Event: 10.149 GC heap after
{Heap after GC invocations=13 (full 0):
 garbage-first heap   total 46080K, used 21895K [0x0000000083600000, 0x0000000100000000)
  region size 1024K, 2 young (2048K), 2 survivors (2048K)
 Metaspace       used 45546K, committed 46080K, reserved 1114112K
  class space    used 5637K, committed 5888K, reserved 1048576K
}
Event: 10.353 GC heap before
{Heap before GC invocations=13 (full 0):
 garbage-first heap   total 46080K, used 38279K [0x0000000083600000, 0x0000000100000000)
  region size 1024K, 19 young (19456K), 2 survivors (2048K)
 Metaspace       used 48754K, committed 49408K, reserved 1114112K
  class space    used 6181K, committed 6464K, reserved 1048576K
}
Event: 10.356 GC heap after
{Heap after GC invocations=14 (full 0):
 garbage-first heap   total 46080K, used 22359K [0x0000000083600000, 0x0000000100000000)
  region size 1024K, 2 young (2048K), 2 survivors (2048K)
 Metaspace       used 48754K, committed 49408K, reserved 1114112K
  class space    used 6181K, committed 6464K, reserved 1048576K
}
Event: 13.816 GC heap before
{Heap before GC invocations=15 (full 0):
 garbage-first heap   total 46080K, used 38743K [0x0000000083600000, 0x0000000100000000)
  region size 1024K, 19 young (19456K), 2 survivors (2048K)
 Metaspace       used 55851K, committed 56512K, reserved 1114112K
  class space    used 7003K, committed 7296K, reserved 1048576K
}

