# JRE version: Java(TM) SE Runtime Environment (17.0.10+11) (build 17.0.10+11-LTS-240)
# Java VM: Java HotSpot(TM) 64-Bit Server VM (17.0.10+11-LTS-240, mixed mode, emulated-client, sharing, tiered, compressed oops, compressed class ptrs, g1 gc, windows-amd64)
GC Precious Log:
 CPUs: 8 total, 8 available
 Memory: 7971M
 Large Page Support: Disabled
 NUMA Support: Disabled
 Compressed Oops: Enabled (32-bit)
 Heap Region Size: 1M
 Heap Min Capacity: 8M
 Heap Initial Capacity: 126M
 Heap Max Capacity: 1994M
 Pre-touch: Disabled
 Parallel Workers: 8
 Concurrent Workers: 2
 Concurrent Refinement Workers: 8
 Periodic GC: Disabled
Heap:
 garbage-first heap   total 109568K, used 89063K [0x0000000083600000, 0x0000000100000000)
  region size 1024K, 48 young (49152K), 3 survivors (3072K)
 Metaspace       used 71127K, committed 71744K, reserved 1114112K
  class space    used 10476K, committed 10752K, reserved 1048576K
GC Heap History (20 events):
Event: 2.352 GC heap before
{Heap before GC invocations=8 (full 0):
 garbage-first heap   total 91136K, used 57229K [0x0000000083600000, 0x0000000100000000)
  region size 1024K, 31 young (31744K), 3 survivors (3072K)
 Metaspace       used 35455K, committed 35968K, reserved 1114112K
  class space    used 4917K, committed 5184K, reserved 1048576K
}
Event: 2.355 GC heap after
{Heap after GC invocations=9 (full 0):
 garbage-first heap   total 91136K, used 31095K [0x0000000083600000, 0x0000000100000000)
  region size 1024K, 4 young (4096K), 4 survivors (4096K)
 Metaspace       used 35455K, committed 35968K, reserved 1114112K
  class space    used 4917K, committed 5184K, reserved 1048576K
}
Event: 3.786 GC heap before
{Heap before GC invocations=10 (full 0):
 garbage-first heap   total 91136K, used 64887K [0x0000000083600000, 0x0000000100000000)
  region size 1024K, 37 young (37888K), 4 survivors (4096K)
 Metaspace       used 45060K, committed 45568K, reserved 1114112K
  class space    used 6308K, committed 6592K, reserved 1048576K
}
Event: 3.790 GC heap after
{Heap after GC invocations=11 (full 0):
 garbage-first heap   total 91136K, used 33483K [0x0000000083600000, 0x0000000100000000)
  region size 1024K, 5 young (5120K), 5 survivors (5120K)
 Metaspace       used 45060K, committed 45568K, reserved 1114112K
  class space    used 6308K, committed 6592K, reserved 1048576K
}
Event: 4.118 GC heap before
{Heap before GC invocations=11 (full 0):
 garbage-first heap   total 91136K, used 66251K [0x0000000083600000, 0x0000000100000000)
  region size 1024K, 37 young (37888K), 5 survivors (5120K)
 Metaspace       used 53266K, committed 53824K, reserved 1114112K
  class space    used 7596K, committed 7872K, reserved 1048576K
}
Event: 4.121 GC heap after
{Heap after GC invocations=12 (full 0):
 garbage-first heap   total 91136K, used 34592K [0x0000000083600000, 0x0000000100000000)
  region size 1024K, 4 young (4096K), 4 survivors (4096K)
 Metaspace       used 53266K, committed 53824K, reserved 1114112K
  class space    used 7596K, committed 7872K, reserved 1048576K
}
Event: 4.417 GC heap before
{Heap before GC invocations=12 (full 0):
 garbage-first heap   total 91136K, used 68384K [0x0000000083600000, 0x0000000100000000)
  region size 1024K, 37 young (37888K), 4 survivors (4096K)
 Metaspace       used 58334K, committed 58880K, reserved 1114112K
  class space    used 8292K, committed 8576K, reserved 1048576K
}
Event: 4.421 GC heap after
{Heap after GC invocations=13 (full 0):
 garbage-first heap   total 91136K, used 36346K [0x0000000083600000, 0x0000000100000000)
  region size 1024K, 4 young (4096K), 4 survivors (4096K)
 Metaspace       used 58334K, committed 58880K, reserved 1114112K
  class space    used 8292K, committed 8576K, reserved 1048576K
}
Event: 4.522 GC heap before
{Heap before GC invocations=13 (full 0):
 garbage-first heap   total 91136K, used 45562K [0x0000000083600000, 0x0000000100000000)
  region size 1024K, 14 young (14336K), 4 survivors (4096K)
 Metaspace       used 59697K, committed 60288K, reserved 1114112K
  class space    used 8532K, committed 8832K, reserved 1048576K
}
Event: 4.526 GC heap after
{Heap after GC invocations=14 (full 0):
 garbage-first heap   total 91136K, used 37465K [0x0000000083600000, 0x0000000100000000)
  region size 1024K, 3 young (3072K), 3 survivors (3072K)
 Metaspace       used 59697K, committed 60288K, reserved 1114112K
  class space    used 8532K, committed 8832K, reserved 1048576K
}
Event: 4.726 GC heap before
{Heap before GC invocations=15 (full 0):
 garbage-first heap   total 91136K, used 70233K [0x0000000083600000, 0x0000000100000000)
  region size 1024K, 35 young (35840K), 3 survivors (3072K)
 Metaspace       used 61804K, committed 62464K, reserved 1114112K
  class space    used 9030K, committed 9344K, reserved 1048576K
}
Event: 4.729 GC heap after
{Heap after GC invocations=16 (full 0):
 garbage-first heap   total 109568K, used 41115K [0x0000000083600000, 0x0000000100000000)
  region size 1024K, 5 young (5120K), 5 survivors (5120K)
 Metaspace       used 61804K, committed 62464K, reserved 1114112K
  class space    used 9030K, committed 9344K, reserved 1048576K
}
Event: 4.887 GC heap before
{Heap before GC invocations=17 (full 0):
 garbage-first heap   total 109568K, used 84123K [0x0000000083600000, 0x0000000100000000)
  region size 1024K, 47 young (48128K), 5 survivors (5120K)
 Metaspace       used 63525K, committed 64192K, reserved 1114112K
  class space    used 9406K, committed 9728K, reserved 1048576K
}
Event: 4.889 GC heap after
{Heap after GC invocations=18 (full 0):
 garbage-first heap   total 109568K, used 40490K [0x0000000083600000, 0x0000000100000000)
  region size 1024K, 2 young (2048K), 2 survivors (2048K)
 Metaspace       used 63525K, committed 64192K, reserved 1114112K
  class space    used 9406K, committed 9728K, reserved 1048576K
}
Event: 4.957 GC heap before
{Heap before GC invocations=18 (full 0):
 garbage-first heap   total 109568K, used 84522K [0x0000000083600000, 0x0000000100000000)
  region size 1024K, 45 young (46080K), 2 survivors (2048K)
 Metaspace       used 63536K, committed 64192K, reserved 1114112K
  class space    used 9406K, committed 9728K, reserved 1048576K
}
Event: 4.959 GC heap after
{Heap after GC invocations=19 (full 0):
 garbage-first heap   total 109568K, used 40827K [0x0000000083600000, 0x0000000100000000)
  region size 1024K, 3 young (3072K), 3 survivors (3072K)
 Metaspace       used 63536K, committed 64192K, reserved 1114112K
  class space    used 9406K, committed 9728K, reserved 1048576K
}
Event: 5.148 GC heap before
{Heap before GC invocations=19 (full 0):
 garbage-first heap   total 109568K, used 85883K [0x0000000083600000, 0x0000000100000000)
  region size 1024K, 47 young (48128K), 3 survivors (3072K)
 Metaspace       used 65548K, committed 66176K, reserved 1114112K
  class space    used 9680K, committed 9984K, reserved 1048576K
}
Event: 5.151 GC heap after
{Heap after GC invocations=20 (full 0):
 garbage-first heap   total 109568K, used 43249K [0x0000000083600000, 0x0000000100000000)
  region size 1024K, 5 young (5120K), 5 survivors (5120K)
 Metaspace       used 65548K, committed 66176K, reserved 1114112K
  class space    used 9680K, committed 9984K, reserved 1048576K
}
Event: 5.277 GC heap before
{Heap before GC invocations=20 (full 0):
 garbage-first heap   total 109568K, used 87281K [0x0000000083600000, 0x0000000100000000)
  region size 1024K, 48 young (49152K), 5 survivors (5120K)
 Metaspace       used 66135K, committed 66688K, reserved 1114112K
  class space    used 9778K, committed 10048K, reserved 1048576K
}
Event: 5.279 GC heap after
{Heap after GC invocations=21 (full 0):
 garbage-first heap   total 109568K, used 42983K [0x0000000083600000, 0x0000000100000000)
  region size 1024K, 3 young (3072K), 3 survivors (3072K)
 Metaspace       used 66135K, committed 66688K, reserved 1114112K
  class space    used 9778K, committed 10048K, reserved 1048576K
}

