<?xml version="1.0" encoding="UTF-8"?>
<!-- Generated by org.testng.reporters.JUnitXMLReporter -->
<testsuite ignored="0" hostname="KHANNPS39199" failures="0" tests="8" name="Default test" time="33.269" errors="0" timestamp="2025-04-14T14:29:02 ICT">
  <testcase classname="poly.edu.ASM_LOGIN_TESTCASE" name="testLogin" time="1.751"/>
  <testcase classname="poly.edu.ASM_LOGIN_TESTCASE" name="testLogin" time="1.518"/>
  <testcase classname="poly.edu.ASM_LOGIN_TESTCASE" name="testLogin" time="1.485"/>
  <testcase classname="poly.edu.ASM_LOGIN_TESTCASE" name="testLogin" time="1.351"/>
  <testcase classname="poly.edu.ASM_LOGIN_TESTCASE" name="testLogin" time="1.393"/>
  <testcase classname="poly.edu.ASM_LOGIN_TESTCASE" name="testLogin" time="0.243"/>
  <testcase classname="poly.edu.ASM_LOGIN_TESTCASE" name="testLogin" time="0.269"/>
  <testcase classname="poly.edu.ASM_LOGIN_TESTCASE" name="testRememberMe" time="5.729"/>
</testsuite> <!-- Default test -->
