<?xml version="1.0" encoding="UTF-8"?>
<testng-results ignored="0" total="1" passed="1" failed="0" skipped="0">
  <reporter-output>
  </reporter-output>
  <suite started-at="2025-04-13T20:05:03 ICT" name="Default suite" finished-at="2025-04-13T20:05:16 ICT" duration-ms="12492">
    <groups>
    </groups>
    <test started-at="2025-04-13T20:05:03 ICT" name="Default test" finished-at="2025-04-13T20:05:16 ICT" duration-ms="12492">
      <class name="poly.edu.ASM_Y4">
        <test-method is-config="true" signature="setup()[pri:0, instance:poly.edu.ASM_Y4@6283d8b8]" started-at="2025-04-13T20:05:03 ICT" name="setup" finished-at="2025-04-13T20:05:10 ICT" duration-ms="7310" status="PASS">
          <reporter-output>
          </reporter-output>
        </test-method> <!-- setup -->
        <test-method signature="testRegister()[pri:1, instance:poly.edu.ASM_Y4@6283d8b8]" started-at="2025-04-13T20:05:10 ICT" name="testRegister" finished-at="2025-04-13T20:05:15 ICT" duration-ms="4957" status="PASS">
          <reporter-output>
          </reporter-output>
        </test-method> <!-- testRegister -->
        <test-method is-config="true" signature="tearDown()[pri:0, instance:poly.edu.ASM_Y4@6283d8b8]" started-at="2025-04-13T20:05:15 ICT" name="tearDown" finished-at="2025-04-13T20:05:16 ICT" duration-ms="193" status="PASS">
          <reporter-output>
          </reporter-output>
        </test-method> <!-- tearDown -->
      </class> <!-- poly.edu.ASM_Y4 -->
    </test> <!-- Default test -->
  </suite> <!-- Default suite -->
</testng-results>
