<?xml version="1.0" encoding="UTF-8"?>
<!-- Generated by org.testng.reporters.JUnitXMLReporter -->
<testsuite ignored="8" hostname="KHANNPS39199" failures="0" tests="2" name="TestNGTests" time="0.062" errors="0"
           timestamp="2025-04-02T12:24:23 ICT">
    <testcase classname="poly.edu.appTest" name="testIsEvenNumber2" time="0.01"/>
    <testcase classname="poly.edu.appTest" name="testIsEvenNumber4" time="0.001"/>
    <testcase classname="poly.edu.GoogleTest" name="testFindElement" time="0.0">
        <ignored/>
    </testcase> <!-- testFindElement -->
    <testcase classname="poly.edu.ASM_CART_TESTCASE" name="testRemoveFromCart" time="0.0">
        <ignored/>
    </testcase> <!-- testRemoveFromCart -->
    <testcase classname="poly.edu.ASM_CART_TESTCASE" name="testUpdateCartQuantity" time="0.0">
        <ignored/>
    </testcase> <!-- testUpdateCartQuantity -->
    <testcase classname="poly.edu.ASM_LOGIN_TESTCASE" name="testLogin" time="0.0">
        <ignored/>
    </testcase> <!-- testLogin -->
    <testcase classname="poly.edu.appTest" name="testIsEvenNumber3" time="0.0">
        <ignored/>
    </testcase> <!-- testIsEvenNumber3 -->
    <testcase classname="poly.edu.ASM_LOGIN_TESTCASE" name="testRememberMe" time="0.0">
        <ignored/>
    </testcase> <!-- testRememberMe -->
    <testcase classname="poly.edu.ASM_CART_TESTCASE" name="testApplyDiscount" time="0.0">
        <ignored/>
    </testcase> <!-- testApplyDiscount -->
    <testcase classname="poly.edu.ASM_CART_TESTCASE" name="testAddToCart" time="0.0">
        <ignored/>
    </testcase> <!-- testAddToCart -->
</testsuite> <!-- TestNGTests -->
